\BOOKMARK [0][]{Cover.0}{Cover}{}% 1
\BOOKMARK [0][]{Abstract.0}{Abstract}{}% 2
\BOOKMARK [0][]{chapter.1}{1 Introduction}{}% 3
\BOOKMARK [1][]{section.1.1}{1 Aims and Objectives}{chapter.1}% 4
\BOOKMARK [2][]{subsection.1.1.1}{1.1 Ethical Use Of Human Participants}{section.1.1}% 5
\BOOKMARK [0][]{chapter.2}{2 Background}{}% 6
\BOOKMARK [0][]{chapter.3}{3 Data Required}{}% 7
\BOOKMARK [0][]{chapter.4}{4 Design}{}% 8
\BOOKMARK [1][]{section.4.1}{1 Intended System Design}{chapter.4}% 9
\BOOKMARK [2][]{subsection.4.1.1}{1.1 Expected Components}{section.4.1}% 10
\BOOKMARK [1][]{section.4.2}{2 Actual System Design}{chapter.4}% 11
\BOOKMARK [2][]{subsection.4.2.1}{2.1 Computation}{section.4.2}% 12
\BOOKMARK [2][]{subsection.4.2.2}{2.2 Data Structures}{section.4.2}% 13
\BOOKMARK [2][]{subsection.4.2.3}{2.3 Interface Design}{section.4.2}% 14
\BOOKMARK [0][]{chapter.5}{5 realisation}{}% 15
\BOOKMARK [0][]{chapter.6}{6 Evaluation}{}% 16
\BOOKMARK [0][]{chapter.7}{7 Learning Points}{}% 17
\BOOKMARK [0][]{chapter.8}{8 Professional Issues}{}% 18
\BOOKMARK [0][]{chapter.8}{Appendices}{}% 19
\BOOKMARK [1][]{section*.12}{Appendix A - Figures and Diagrams}{chapter.8}% 20
\BOOKMARK [1][]{appendix*.13}{Appendix B - Code Listings}{chapter.8}% 21
